<?xml version="1.0" encoding="UTF-8"?>
<testsuite name="com.laioffer.twitch.FavoriteServiceTests" tests="5" skipped="0" failures="0" errors="0" timestamp="2023-12-17T22:35:23" hostname="Yongjians-MacBook-Air.local" time="0.26">
  <properties/>
  <testcase name="whenItemNotExist_setFavoriteItem_shouldSaveItem()" classname="com.laioffer.twitch.FavoriteServiceTests" time="0.25"/>
  <testcase name="whenItemNotExist_unsetFavoriteItem_shouldNotDeleteFavoriteRecord()" classname="com.laioffer.twitch.FavoriteServiceTests" time="0.001"/>
  <testcase name="whenItemExist_setFavoriteItem_shouldNotSaveItem()" classname="com.laioffer.twitch.FavoriteServiceTests" time="0.002"/>
  <testcase name="whenItemExist_unsetFavoriteItem_shouldDeleteFavoriteRecord()" classname="com.laioffer.twitch.FavoriteServiceTests" time="0.001"/>
  <testcase name="setFavoriteItem_shouldCreateFavoriteRecord()" classname="com.laioffer.twitch.FavoriteServiceTests" time="0.004"/>
  <system-out><![CDATA[]]></system-out>
  <system-err><![CDATA[]]></system-err>
</testsuite>
